<?xml version="1.0" encoding="UTF-8"?>
<testng-results ignored="0" total="6" passed="5" failed="1" skipped="0">
  <reporter-output>
  </reporter-output>
  <suite started-at="2026-02-17T20:50:23 IST" name="Default suite" finished-at="2026-02-17T20:51:13 IST" duration-ms="50749">
    <groups>
    </groups>
    <test started-at="2026-02-17T20:50:23 IST" name="Default test" finished-at="2026-02-17T20:51:13 IST" duration-ms="50749">
      <class name="Test.Test">
        <test-method is-config="true" signature="setupReport()[pri:0, instance:Test.Test@3b0090a4]" started-at="2026-02-17T20:50:22 IST" name="setupReport" finished-at="2026-02-17T20:50:23 IST" duration-ms="387" status="PASS">
          <reporter-output>
          </reporter-output>
        </test-method> <!-- setupReport -->
        <test-method is-config="true" signature="setup()[pri:0, instance:Test.Test@3b0090a4]" started-at="2026-02-17T20:50:23 IST" name="setup" finished-at="2026-02-17T20:50:25 IST" duration-ms="2477" status="PASS">
          <reporter-output>
          </reporter-output>
        </test-method> <!-- setup -->
        <test-method is-config="true" signature="openUrl()[pri:0, instance:Test.Test@3b0090a4]" started-at="2026-02-17T20:50:25 IST" name="openUrl" finished-at="2026-02-17T20:50:29 IST" duration-ms="3309" status="PASS">
          <reporter-output>
          </reporter-output>
        </test-method> <!-- openUrl -->
        <test-method signature="registerTest()[pri:0, instance:Test.Test@3b0090a4]" started-at="2026-02-17T20:50:29 IST" name="registerTest" finished-at="2026-02-17T20:50:35 IST" duration-ms="6620" status="PASS">
          <reporter-output>
          </reporter-output>
        </test-method> <!-- registerTest -->
        <test-method is-config="true" signature="getResult(org.testng.ITestResult)[pri:0, instance:Test.Test@3b0090a4]" started-at="2026-02-17T20:50:35 IST" name="getResult" finished-at="2026-02-17T20:50:35 IST" duration-ms="51" status="PASS">
          <params>
            <param index="0">
              <value>
                <![CDATA[[TestResult name=registerTest status=SUCCESS method=Test.registerTest()[pri:0, instance:Test.Test@3b0090a4] output={null}]]]>
              </value>
            </param>
          </params>
          <reporter-output>
          </reporter-output>
        </test-method> <!-- getResult -->
        <test-method is-config="true" signature="openUrl()[pri:0, instance:Test.Test@3b0090a4]" started-at="2026-02-17T20:50:35 IST" name="openUrl" finished-at="2026-02-17T20:50:36 IST" duration-ms="1114" status="PASS">
          <reporter-output>
          </reporter-output>
        </test-method> <!-- openUrl -->
        <test-method signature="wishlistTest()[pri:1, instance:Test.Test@3b0090a4]" started-at="2026-02-17T20:50:36 IST" name="wishlistTest" finished-at="2026-02-17T20:50:47 IST" duration-ms="10983" status="PASS">
          <reporter-output>
          </reporter-output>
        </test-method> <!-- wishlistTest -->
        <test-method is-config="true" signature="getResult(org.testng.ITestResult)[pri:0, instance:Test.Test@3b0090a4]" started-at="2026-02-17T20:50:47 IST" name="getResult" finished-at="2026-02-17T20:50:47 IST" duration-ms="0" status="PASS">
          <params>
            <param index="0">
              <value>
                <![CDATA[[TestResult name=wishlistTest status=SUCCESS method=Test.wishlistTest()[pri:1, instance:Test.Test@3b0090a4] output={null}]]]>
              </value>
            </param>
          </params>
          <reporter-output>
          </reporter-output>
        </test-method> <!-- getResult -->
        <test-method is-config="true" signature="openUrl()[pri:0, instance:Test.Test@3b0090a4]" started-at="2026-02-17T20:50:47 IST" name="openUrl" finished-at="2026-02-17T20:50:49 IST" duration-ms="1193" status="PASS">
          <reporter-output>
          </reporter-output>
        </test-method> <!-- openUrl -->
        <test-method signature="checkoutTest()[pri:2, instance:Test.Test@3b0090a4]" started-at="2026-02-17T20:50:49 IST" name="checkoutTest" finished-at="2026-02-17T20:50:58 IST" duration-ms="9217" status="FAIL">
          <exception class="org.openqa.selenium.NoSuchElementException">
            <message>
              <![CDATA[no such element: Unable to locate element: {"method":"xpath","selector":"//strong[text()='View Cart']"}
  (Session info: chrome=144.0.7559.133)
For documentation on this error, please visit: https://www.selenium.dev/documentation/webdriver/troubleshooting/errors#nosuchelementexception
Build info: version: '4.40.0', revision: 'b3333f1'
System info: os.name: 'Windows 11', os.arch: 'amd64', os.version: '10.0', java.version: '21.0.8'
Driver info: org.openqa.selenium.chrome.ChromeDriver
Command: [089072596d4a3b3216d915aae00d85b6, findElement {using=xpath, value=//strong[text()='View Cart']}]
Capabilities {acceptInsecureCerts: false, browserName: chrome, browserVersion: 144.0.7559.133, chrome: {chromedriverVersion: 144.0.7559.133 (7da823b1d59..., userDataDir: C:\Users\al589\AppData\Loca...}, fedcm:accounts: true, goog:chromeOptions: {debuggerAddress: localhost:51165}, goog:processID: 25668, networkConnectionEnabled: false, pageLoadStrategy: normal, platformName: windows, proxy: Proxy(), se:cdp: ws://localhost:51165/devtoo..., se:cdpVersion: 144.0.7559.133, setWindowRect: true, strictFileInteractability: false, timeouts: {implicit: 0, pageLoad: 300000, script: 30000}, unhandledPromptBehavior: dismiss and notify, webauthn:extension:credBlob: true, webauthn:extension:largeBlob: true, webauthn:extension:minPinLength: true, webauthn:extension:prf: true, webauthn:virtualAuthenticators: true}
Session ID: 089072596d4a3b3216d915aae00d85b6]]>
            </message>
            <full-stacktrace>
              <![CDATA[org.openqa.selenium.NoSuchElementException: no such element: Unable to locate element: {"method":"xpath","selector":"//strong[text()='View Cart']"}
  (Session info: chrome=144.0.7559.133)
For documentation on this error, please visit: https://www.selenium.dev/documentation/webdriver/troubleshooting/errors#nosuchelementexception
Build info: version: '4.40.0', revision: 'b3333f1'
System info: os.name: 'Windows 11', os.arch: 'amd64', os.version: '10.0', java.version: '21.0.8'
Driver info: org.openqa.selenium.chrome.ChromeDriver
Command: [089072596d4a3b3216d915aae00d85b6, findElement {using=xpath, value=//strong[text()='View Cart']}]
Capabilities {acceptInsecureCerts: false, browserName: chrome, browserVersion: 144.0.7559.133, chrome: {chromedriverVersion: 144.0.7559.133 (7da823b1d59..., userDataDir: C:\Users\al589\AppData\Loca...}, fedcm:accounts: true, goog:chromeOptions: {debuggerAddress: localhost:51165}, goog:processID: 25668, networkConnectionEnabled: false, pageLoadStrategy: normal, platformName: windows, proxy: Proxy(), se:cdp: ws://localhost:51165/devtoo..., se:cdpVersion: 144.0.7559.133, setWindowRect: true, strictFileInteractability: false, timeouts: {implicit: 0, pageLoad: 300000, script: 30000}, unhandledPromptBehavior: dismiss and notify, webauthn:extension:credBlob: true, webauthn:extension:largeBlob: true, webauthn:extension:minPinLength: true, webauthn:extension:prf: true, webauthn:virtualAuthenticators: true}
Session ID: 089072596d4a3b3216d915aae00d85b6
at org.openqa.selenium.remote.ErrorCodec.decode(ErrorCodec.java:169)
at org.openqa.selenium.remote.codec.w3c.W3CHttpResponseCodec.decode(W3CHttpResponseCodec.java:142)
at org.openqa.selenium.remote.codec.w3c.W3CHttpResponseCodec.decode(W3CHttpResponseCodec.java:49)
at org.openqa.selenium.remote.HttpCommandExecutor.execute(HttpCommandExecutor.java:223)
at org.openqa.selenium.remote.service.DriverCommandExecutor.invokeExecute(DriverCommandExecutor.java:216)
at org.openqa.selenium.remote.service.DriverCommandExecutor.execute(DriverCommandExecutor.java:174)
at org.openqa.selenium.remote.RemoteWebDriver.execute(RemoteWebDriver.java:601)
at org.openqa.selenium.remote.ElementLocation$ElementFinder$2.findElement(ElementLocation.java:166)
at org.openqa.selenium.remote.ElementLocation.findElement(ElementLocation.java:60)
at org.openqa.selenium.remote.RemoteWebDriver.findElement(RemoteWebDriver.java:424)
at org.openqa.selenium.remote.RemoteWebDriver.findElement(RemoteWebDriver.java:418)
at org.openqa.selenium.support.pagefactory.DefaultElementLocator.findElement(DefaultElementLocator.java:68)
at org.openqa.selenium.support.pagefactory.internal.LocatingElementHandler.invoke(LocatingElementHandler.java:38)
at jdk.proxy2/jdk.proxy2.$Proxy17.click(Unknown Source)
at Pages.Cart.openCart(Cart.java:28)
at Test.Test.checkoutTest(Test.java:90)
at java.base/jdk.internal.reflect.DirectMethodHandleAccessor.invoke(DirectMethodHandleAccessor.java:103)
at java.base/java.lang.reflect.Method.invoke(Method.java:580)
at org.testng.internal.invokers.MethodInvocationHelper.invokeMethod(MethodInvocationHelper.java:141)
at org.testng.internal.invokers.TestInvoker.invokeMethod(TestInvoker.java:687)
at org.testng.internal.invokers.TestInvoker.invokeTestMethod(TestInvoker.java:230)
at org.testng.internal.invokers.MethodRunner.runInSequence(MethodRunner.java:63)
at org.testng.internal.invokers.TestInvoker$MethodInvocationAgent.invoke(TestInvoker.java:995)
at org.testng.internal.invokers.TestInvoker.invokeTestMethods(TestInvoker.java:203)
at org.testng.internal.invokers.TestMethodWorker.invokeTestMethods(TestMethodWorker.java:154)
at org.testng.internal.invokers.TestMethodWorker.run(TestMethodWorker.java:134)
at java.base/java.util.ArrayList.forEach(ArrayList.java:1596)
at org.testng.TestRunner.privateRun(TestRunner.java:741)
at org.testng.TestRunner.run(TestRunner.java:616)
at org.testng.SuiteRunner.runTest(SuiteRunner.java:421)
at org.testng.SuiteRunner.runSequentially(SuiteRunner.java:413)
at org.testng.SuiteRunner.privateRun(SuiteRunner.java:373)
at org.testng.SuiteRunner.run(SuiteRunner.java:312)
at org.testng.SuiteRunnerWorker.runSuite(SuiteRunnerWorker.java:52)
at org.testng.SuiteRunnerWorker.run(SuiteRunnerWorker.java:95)
at org.testng.TestNG.runSuitesSequentially(TestNG.java:1274)
at org.testng.TestNG.runSuitesLocally(TestNG.java:1208)
at org.testng.TestNG.runSuites(TestNG.java:1112)
at org.testng.TestNG.run(TestNG.java:1079)
at org.testng.remote.AbstractRemoteTestNG.run(AbstractRemoteTestNG.java:115)
at org.testng.remote.RemoteTestNG.initAndRun(RemoteTestNG.java:293)
at org.testng.remote.RemoteTestNG.main(RemoteTestNG.java:91)
]]>
            </full-stacktrace>
          </exception> <!-- org.openqa.selenium.NoSuchElementException -->
          <reporter-output>
          </reporter-output>
        </test-method> <!-- checkoutTest -->
        <test-method is-config="true" signature="getResult(org.testng.ITestResult)[pri:0, instance:Test.Test@3b0090a4]" started-at="2026-02-17T20:50:58 IST" name="getResult" finished-at="2026-02-17T20:50:58 IST" duration-ms="42" status="PASS">
          <params>
            <param index="0">
              <value>
                <![CDATA[[TestResult name=checkoutTest status=FAILURE method=Test.checkoutTest()[pri:2, instance:Test.Test@3b0090a4] output={null}]]]>
              </value>
            </param>
          </params>
          <reporter-output>
          </reporter-output>
        </test-method> <!-- getResult -->
        <test-method is-config="true" signature="openUrl()[pri:0, instance:Test.Test@3b0090a4]" started-at="2026-02-17T20:50:58 IST" name="openUrl" finished-at="2026-02-17T20:50:59 IST" duration-ms="935" status="PASS">
          <reporter-output>
          </reporter-output>
        </test-method> <!-- openUrl -->
        <test-method signature="contactTest()[pri:3, instance:Test.Test@3b0090a4]" started-at="2026-02-17T20:50:59 IST" name="contactTest" finished-at="2026-02-17T20:51:04 IST" duration-ms="5633" status="PASS">
          <reporter-output>
          </reporter-output>
        </test-method> <!-- contactTest -->
        <test-method is-config="true" signature="getResult(org.testng.ITestResult)[pri:0, instance:Test.Test@3b0090a4]" started-at="2026-02-17T20:51:04 IST" name="getResult" finished-at="2026-02-17T20:51:04 IST" duration-ms="1" status="PASS">
          <params>
            <param index="0">
              <value>
                <![CDATA[[TestResult name=contactTest status=SUCCESS method=Test.contactTest()[pri:3, instance:Test.Test@3b0090a4] output={null}]]]>
              </value>
            </param>
          </params>
          <reporter-output>
          </reporter-output>
        </test-method> <!-- getResult -->
        <test-method is-config="true" signature="openUrl()[pri:0, instance:Test.Test@3b0090a4]" started-at="2026-02-17T20:51:04 IST" name="openUrl" finished-at="2026-02-17T20:51:06 IST" duration-ms="1365" status="PASS">
          <reporter-output>
          </reporter-output>
        </test-method> <!-- openUrl -->
        <test-method signature="logout()[pri:4, instance:Test.Test@3b0090a4]" started-at="2026-02-17T20:51:06 IST" name="logout" finished-at="2026-02-17T20:51:08 IST" duration-ms="2474" status="PASS">
          <reporter-output>
          </reporter-output>
        </test-method> <!-- logout -->
        <test-method is-config="true" signature="getResult(org.testng.ITestResult)[pri:0, instance:Test.Test@3b0090a4]" started-at="2026-02-17T20:51:08 IST" name="getResult" finished-at="2026-02-17T20:51:08 IST" duration-ms="0" status="PASS">
          <params>
            <param index="0">
              <value>
                <![CDATA[[TestResult name=logout status=SUCCESS method=Test.logout()[pri:4, instance:Test.Test@3b0090a4] output={null}]]]>
              </value>
            </param>
          </params>
          <reporter-output>
          </reporter-output>
        </test-method> <!-- getResult -->
        <test-method is-config="true" signature="openUrl()[pri:0, instance:Test.Test@3b0090a4]" started-at="2026-02-17T20:51:08 IST" name="openUrl" finished-at="2026-02-17T20:51:09 IST" duration-ms="627" status="PASS">
          <reporter-output>
          </reporter-output>
        </test-method> <!-- openUrl -->
        <test-method signature="loginTest()[pri:5, instance:Test.Test@3b0090a4]" started-at="2026-02-17T20:51:09 IST" name="loginTest" finished-at="2026-02-17T20:51:13 IST" duration-ms="4516" status="PASS">
          <reporter-output>
          </reporter-output>
        </test-method> <!-- loginTest -->
        <test-method is-config="true" signature="getResult(org.testng.ITestResult)[pri:0, instance:Test.Test@3b0090a4]" started-at="2026-02-17T20:51:13 IST" name="getResult" finished-at="2026-02-17T20:51:13 IST" duration-ms="0" status="PASS">
          <params>
            <param index="0">
              <value>
                <![CDATA[[TestResult name=loginTest status=SUCCESS method=Test.loginTest()[pri:5, instance:Test.Test@3b0090a4] output={null}]]]>
              </value>
            </param>
          </params>
          <reporter-output>
          </reporter-output>
        </test-method> <!-- getResult -->
        <test-method is-config="true" signature="tearDown()[pri:0, instance:Test.Test@3b0090a4]" started-at="2026-02-17T20:51:14 IST" name="tearDown" finished-at="2026-02-17T20:51:16 IST" duration-ms="2471" status="PASS">
          <reporter-output>
          </reporter-output>
        </test-method> <!-- tearDown -->
      </class> <!-- Test.Test -->
    </test> <!-- Default test -->
  </suite> <!-- Default suite -->
</testng-results>
